{"/home/kennedy/Documents/week-6-test-debug-assignment-ericksaddam/server/src/app.js": {"path":"/home/kennedy/Documents/week-6-test-debug-assignment-ericksaddam/server/src/app.js","statementMap":{"0":{"start":{"line":1,"column":16},"end":{"line":1,"column":34}},"1":{"start":{"line":2,"column":17},"end":{"line":2,"column":36}},"2":{"start":{"line":3,"column":15},"end":{"line":3,"column":32}},"3":{"start":{"line":4,"column":20},"end":{"line":4,"column":45}},"4":{"start":{"line":5,"column":21},"end":{"line":5,"column":57}},"5":{"start":{"line":7,"column":12},"end":{"line":7,"column":21}},"6":{"start":{"line":8,"column":0},"end":{"line":8,"column":24}},"7":{"start":{"line":9,"column":0},"end":{"line":9,"column":23}},"8":{"start":{"line":11,"column":0},"end":{"line":11,"column":35}},"9":{"start":{"line":14,"column":0},"end":{"line":14,"column":22}},"10":{"start":{"line":16,"column":0},"end":{"line":16,"column":21}}},"fnMap":{},"branchMap":{},"s":{"0":1,"1":1,"2":1,"3":1,"4":1,"5":1,"6":1,"7":1,"8":1,"9":1,"10":1},"f":{},"b":{},"_coverageSchema":"1a1c01bbd47fc00a2c39e90264f33305004495a9","hash":"f0bba8fd6726a63d836ed8f5da2408789a0247ef"}
,"/home/kennedy/Documents/week-6-test-debug-assignment-ericksaddam/server/src/middleware/errorHandler.js": {"path":"/home/kennedy/Documents/week-6-test-debug-assignment-ericksaddam/server/src/middleware/errorHandler.js","statementMap":{"0":{"start":{"line":2,"column":0},"end":{"line":6,"column":2}},"1":{"start":{"line":4,"column":2},"end":{"line":4,"column":46}},"2":{"start":{"line":5,"column":2},"end":{"line":5,"column":88}}},"fnMap":{"0":{"name":"(anonymous_0)","decl":{"start":{"line":2,"column":17},"end":{"line":2,"column":18}},"loc":{"start":{"line":2,"column":42},"end":{"line":6,"column":1}},"line":2}},"branchMap":{"0":{"loc":{"start":{"line":5,"column":13},"end":{"line":5,"column":30}},"type":"binary-expr","locations":[{"start":{"line":5,"column":13},"end":{"line":5,"column":23}},{"start":{"line":5,"column":27},"end":{"line":5,"column":30}}],"line":5},"1":{"loc":{"start":{"line":5,"column":46},"end":{"line":5,"column":84}},"type":"binary-expr","locations":[{"start":{"line":5,"column":46},"end":{"line":5,"column":57}},{"start":{"line":5,"column":61},"end":{"line":5,"column":84}}],"line":5}},"s":{"0":1,"1":0,"2":0},"f":{"0":0},"b":{"0":[0,0],"1":[0,0]},"_coverageSchema":"1a1c01bbd47fc00a2c39e90264f33305004495a9","hash":"e309da929c09dbaaece40f7e1c1bee8ab0c9d45e"}
,"/home/kennedy/Documents/week-6-test-debug-assignment-ericksaddam/server/src/models/Post.js": {"path":"/home/kennedy/Documents/week-6-test-debug-assignment-ericksaddam/server/src/models/Post.js","statementMap":{"0":{"start":{"line":1,"column":17},"end":{"line":1,"column":36}},"1":{"start":{"line":3,"column":19},"end":{"line":9,"column":2}},"2":{"start":{"line":11,"column":0},"end":{"line":11,"column":52}}},"fnMap":{},"branchMap":{},"s":{"0":1,"1":1,"2":1},"f":{},"b":{},"_coverageSchema":"1a1c01bbd47fc00a2c39e90264f33305004495a9","hash":"ce374710a6ffb92bcf129bca78bbff617610b4a3"}
,"/home/kennedy/Documents/week-6-test-debug-assignment-ericksaddam/server/src/models/User.js": {"path":"/home/kennedy/Documents/week-6-test-debug-assignment-ericksaddam/server/src/models/User.js","statementMap":{"0":{"start":{"line":1,"column":17},"end":{"line":1,"column":36}},"1":{"start":{"line":3,"column":19},"end":{"line":7,"column":2}},"2":{"start":{"line":9,"column":0},"end":{"line":9,"column":52}}},"fnMap":{},"branchMap":{},"s":{"0":1,"1":1,"2":1},"f":{},"b":{},"_coverageSchema":"1a1c01bbd47fc00a2c39e90264f33305004495a9","hash":"a764571c37cc8070b990ab27906d0925f9b2a98a"}
,"/home/kennedy/Documents/week-6-test-debug-assignment-ericksaddam/server/src/routes/posts.js": {"path":"/home/kennedy/Documents/week-6-test-debug-assignment-ericksaddam/server/src/routes/posts.js","statementMap":{"0":{"start":{"line":1,"column":16},"end":{"line":1,"column":34}},"1":{"start":{"line":2,"column":13},"end":{"line":2,"column":38}},"2":{"start":{"line":3,"column":13},"end":{"line":3,"column":38}},"3":{"start":{"line":4,"column":15},"end":{"line":4,"column":31}},"4":{"start":{"line":7,"column":0},"end":{"line":7,"column":18}},"5":{"start":{"line":9,"column":21},"end":{"line":9,"column":49}},"6":{"start":{"line":10,"column":2},"end":{"line":10,"column":111}},"7":{"start":{"line":10,"column":56},"end":{"line":10,"column":111}},"8":{"start":{"line":11,"column":16},"end":{"line":11,"column":40}},"9":{"start":{"line":12,"column":2},"end":{"line":12,"column":33}},"10":{"start":{"line":13,"column":2},"end":{"line":13,"column":72}},"11":{"start":{"line":13,"column":17},"end":{"line":13,"column":72}},"12":{"start":{"line":14,"column":2},"end":{"line":14,"column":9}},"13":{"start":{"line":18,"column":0},"end":{"line":33,"column":3}},"14":{"start":{"line":19,"column":39},"end":{"line":19,"column":47}},"15":{"start":{"line":20,"column":2},"end":{"line":20,"column":74}},"16":{"start":{"line":20,"column":14},"end":{"line":20,"column":74}},"17":{"start":{"line":21,"column":2},"end":{"line":32,"column":3}},"18":{"start":{"line":22,"column":17},"end":{"line":28,"column":6}},"19":{"start":{"line":29,"column":4},"end":{"line":29,"column":81}},"20":{"start":{"line":31,"column":4},"end":{"line":31,"column":49}},"21":{"start":{"line":36,"column":0},"end":{"line":48,"column":3}},"22":{"start":{"line":37,"column":45},"end":{"line":37,"column":54}},"23":{"start":{"line":38,"column":17},"end":{"line":38,"column":19}},"24":{"start":{"line":39,"column":2},"end":{"line":39,"column":43}},"25":{"start":{"line":39,"column":16},"end":{"line":39,"column":43}},"26":{"start":{"line":40,"column":2},"end":{"line":47,"column":3}},"27":{"start":{"line":41,"column":18},"end":{"line":43,"column":29}},"28":{"start":{"line":44,"column":4},"end":{"line":44,"column":20}},"29":{"start":{"line":46,"column":4},"end":{"line":46,"column":49}},"30":{"start":{"line":51,"column":0},"end":{"line":59,"column":3}},"31":{"start":{"line":52,"column":2},"end":{"line":58,"column":3}},"32":{"start":{"line":53,"column":17},"end":{"line":53,"column":51}},"33":{"start":{"line":54,"column":4},"end":{"line":54,"column":72}},"34":{"start":{"line":54,"column":15},"end":{"line":54,"column":72}},"35":{"start":{"line":55,"column":4},"end":{"line":55,"column":19}},"36":{"start":{"line":57,"column":4},"end":{"line":57,"column":49}},"37":{"start":{"line":62,"column":0},"end":{"line":75,"column":3}},"38":{"start":{"line":63,"column":2},"end":{"line":74,"column":3}},"39":{"start":{"line":64,"column":17},"end":{"line":64,"column":51}},"40":{"start":{"line":65,"column":4},"end":{"line":65,"column":72}},"41":{"start":{"line":65,"column":15},"end":{"line":65,"column":72}},"42":{"start":{"line":66,"column":4},"end":{"line":66,"column":112}},"43":{"start":{"line":66,"column":60},"end":{"line":66,"column":112}},"44":{"start":{"line":67,"column":31},"end":{"line":67,"column":39}},"45":{"start":{"line":68,"column":4},"end":{"line":68,"column":34}},"46":{"start":{"line":68,"column":15},"end":{"line":68,"column":34}},"47":{"start":{"line":69,"column":4},"end":{"line":69,"column":40}},"48":{"start":{"line":69,"column":17},"end":{"line":69,"column":40}},"49":{"start":{"line":70,"column":4},"end":{"line":70,"column":22}},"50":{"start":{"line":71,"column":4},"end":{"line":71,"column":19}},"51":{"start":{"line":73,"column":4},"end":{"line":73,"column":49}},"52":{"start":{"line":78,"column":0},"end":{"line":88,"column":3}},"53":{"start":{"line":79,"column":2},"end":{"line":87,"column":3}},"54":{"start":{"line":80,"column":17},"end":{"line":80,"column":51}},"55":{"start":{"line":81,"column":4},"end":{"line":81,"column":72}},"56":{"start":{"line":81,"column":15},"end":{"line":81,"column":72}},"57":{"start":{"line":82,"column":4},"end":{"line":82,"column":112}},"58":{"start":{"line":82,"column":60},"end":{"line":82,"column":112}},"59":{"start":{"line":83,"column":4},"end":{"line":83,"column":27}},"60":{"start":{"line":84,"column":4},"end":{"line":84,"column":54}},"61":{"start":{"line":86,"column":4},"end":{"line":86,"column":49}},"62":{"start":{"line":90,"column":0},"end":{"line":90,"column":24}}},"fnMap":{"0":{"name":"auth","decl":{"start":{"line":8,"column":9},"end":{"line":8,"column":13}},"loc":{"start":{"line":8,"column":30},"end":{"line":15,"column":1}},"line":8},"1":{"name":"(anonymous_1)","decl":{"start":{"line":18,"column":23},"end":{"line":18,"column":24}},"loc":{"start":{"line":18,"column":43},"end":{"line":33,"column":1}},"line":18},"2":{"name":"(anonymous_2)","decl":{"start":{"line":36,"column":16},"end":{"line":36,"column":17}},"loc":{"start":{"line":36,"column":36},"end":{"line":48,"column":1}},"line":36},"3":{"name":"(anonymous_3)","decl":{"start":{"line":51,"column":19},"end":{"line":51,"column":20}},"loc":{"start":{"line":51,"column":39},"end":{"line":59,"column":1}},"line":51},"4":{"name":"(anonymous_4)","decl":{"start":{"line":62,"column":25},"end":{"line":62,"column":26}},"loc":{"start":{"line":62,"column":45},"end":{"line":75,"column":1}},"line":62},"5":{"name":"(anonymous_5)","decl":{"start":{"line":78,"column":28},"end":{"line":78,"column":29}},"loc":{"start":{"line":78,"column":48},"end":{"line":88,"column":1}},"line":78}},"branchMap":{"0":{"loc":{"start":{"line":10,"column":2},"end":{"line":10,"column":111}},"type":"if","locations":[{"start":{"line":10,"column":2},"end":{"line":10,"column":111}},{"start":{},"end":{}}],"line":10},"1":{"loc":{"start":{"line":10,"column":6},"end":{"line":10,"column":54}},"type":"binary-expr","locations":[{"start":{"line":10,"column":6},"end":{"line":10,"column":17}},{"start":{"line":10,"column":21},"end":{"line":10,"column":54}}],"line":10},"2":{"loc":{"start":{"line":13,"column":2},"end":{"line":13,"column":72}},"type":"if","locations":[{"start":{"line":13,"column":2},"end":{"line":13,"column":72}},{"start":{},"end":{}}],"line":13},"3":{"loc":{"start":{"line":20,"column":2},"end":{"line":20,"column":74}},"type":"if","locations":[{"start":{"line":20,"column":2},"end":{"line":20,"column":74}},{"start":{},"end":{}}],"line":20},"4":{"loc":{"start":{"line":37,"column":20},"end":{"line":37,"column":28}},"type":"default-arg","locations":[{"start":{"line":37,"column":27},"end":{"line":37,"column":28}}],"line":37},"5":{"loc":{"start":{"line":37,"column":30},"end":{"line":37,"column":40}},"type":"default-arg","locations":[{"start":{"line":37,"column":38},"end":{"line":37,"column":40}}],"line":37},"6":{"loc":{"start":{"line":39,"column":2},"end":{"line":39,"column":43}},"type":"if","locations":[{"start":{"line":39,"column":2},"end":{"line":39,"column":43}},{"start":{},"end":{}}],"line":39},"7":{"loc":{"start":{"line":54,"column":4},"end":{"line":54,"column":72}},"type":"if","locations":[{"start":{"line":54,"column":4},"end":{"line":54,"column":72}},{"start":{},"end":{}}],"line":54},"8":{"loc":{"start":{"line":65,"column":4},"end":{"line":65,"column":72}},"type":"if","locations":[{"start":{"line":65,"column":4},"end":{"line":65,"column":72}},{"start":{},"end":{}}],"line":65},"9":{"loc":{"start":{"line":66,"column":4},"end":{"line":66,"column":112}},"type":"if","locations":[{"start":{"line":66,"column":4},"end":{"line":66,"column":112}},{"start":{},"end":{}}],"line":66},"10":{"loc":{"start":{"line":68,"column":4},"end":{"line":68,"column":34}},"type":"if","locations":[{"start":{"line":68,"column":4},"end":{"line":68,"column":34}},{"start":{},"end":{}}],"line":68},"11":{"loc":{"start":{"line":69,"column":4},"end":{"line":69,"column":40}},"type":"if","locations":[{"start":{"line":69,"column":4},"end":{"line":69,"column":40}},{"start":{},"end":{}}],"line":69},"12":{"loc":{"start":{"line":81,"column":4},"end":{"line":81,"column":72}},"type":"if","locations":[{"start":{"line":81,"column":4},"end":{"line":81,"column":72}},{"start":{},"end":{}}],"line":81},"13":{"loc":{"start":{"line":82,"column":4},"end":{"line":82,"column":112}},"type":"if","locations":[{"start":{"line":82,"column":4},"end":{"line":82,"column":112}},{"start":{},"end":{}}],"line":82}},"s":{"0":1,"1":1,"2":1,"3":1,"4":1,"5":8,"6":8,"7":3,"8":5,"9":5,"10":5,"11":0,"12":5,"13":1,"14":2,"15":2,"16":1,"17":1,"18":1,"19":1,"20":0,"21":1,"22":4,"23":4,"24":4,"25":1,"26":4,"27":4,"28":4,"29":0,"30":1,"31":2,"32":2,"33":2,"34":1,"35":1,"36":0,"37":1,"38":2,"39":2,"40":2,"41":0,"42":2,"43":1,"44":1,"45":1,"46":1,"47":1,"48":1,"49":1,"50":1,"51":0,"52":1,"53":1,"54":1,"55":1,"56":0,"57":1,"58":0,"59":1,"60":1,"61":0,"62":1},"f":{"0":8,"1":2,"2":4,"3":2,"4":2,"5":1},"b":{"0":[3,5],"1":[8,5],"2":[0,5],"3":[1,1],"4":[2],"5":[2],"6":[1,3],"7":[1,1],"8":[0,2],"9":[1,1],"10":[1,0],"11":[1,0],"12":[0,1],"13":[0,1]},"_coverageSchema":"1a1c01bbd47fc00a2c39e90264f33305004495a9","hash":"99f2f2f6ab49cdd0219a3f738f77760b72db4559"}
,"/home/kennedy/Documents/week-6-test-debug-assignment-ericksaddam/server/src/utils/auth.js": {"path":"/home/kennedy/Documents/week-6-test-debug-assignment-ericksaddam/server/src/utils/auth.js","statementMap":{"0":{"start":{"line":1,"column":23},"end":{"line":1,"column":38}},"1":{"start":{"line":2,"column":20},"end":{"line":2,"column":46}},"2":{"start":{"line":5,"column":0},"end":{"line":5,"column":51}},"3":{"start":{"line":5,"column":26},"end":{"line":5,"column":51}},"4":{"start":{"line":6,"column":21},"end":{"line":6,"column":40}},"5":{"start":{"line":9,"column":16},"end":{"line":9,"column":24}},"6":{"start":{"line":10,"column":2},"end":{"line":10,"column":29}},"7":{"start":{"line":11,"column":2},"end":{"line":11,"column":15}},"8":{"start":{"line":14,"column":0},"end":{"line":14,"column":35}}},"fnMap":{"0":{"name":"generateToken","decl":{"start":{"line":8,"column":9},"end":{"line":8,"column":22}},"loc":{"start":{"line":8,"column":29},"end":{"line":12,"column":1}},"line":8}},"branchMap":{"0":{"loc":{"start":{"line":5,"column":0},"end":{"line":5,"column":51}},"type":"if","locations":[{"start":{"line":5,"column":0},"end":{"line":5,"column":51}},{"start":{},"end":{}}],"line":5}},"s":{"0":1,"1":1,"2":1,"3":0,"4":1,"5":2,"6":2,"7":2,"8":1},"f":{"0":2},"b":{"0":[0,1]},"_coverageSchema":"1a1c01bbd47fc00a2c39e90264f33305004495a9","hash":"eeeb58e9632e85feda9775598ac47b1ef2c91b0b"}
}
