TN:
SF:src/app.js
FNF:0
FNH:0
DA:1,1
DA:2,1
DA:3,1
DA:4,1
DA:5,1
DA:7,1
DA:8,1
DA:9,1
DA:11,1
DA:14,1
DA:16,1
LF:11
LH:11
BRF:0
BRH:0
end_of_record
TN:
SF:src/middleware/errorHandler.js
FN:2,(anonymous_0)
FNF:1
FNH:0
FNDA:0,(anonymous_0)
DA:2,1
DA:4,0
DA:5,0
LF:3
LH:1
BRDA:5,0,0,0
BRDA:5,0,1,0
BRDA:5,1,0,0
BRDA:5,1,1,0
BRF:4
BRH:0
end_of_record
TN:
SF:src/models/Post.js
FNF:0
FNH:0
DA:1,1
DA:3,1
DA:11,1
LF:3
LH:3
BRF:0
BRH:0
end_of_record
TN:
SF:src/models/User.js
FNF:0
FNH:0
DA:1,1
DA:3,1
DA:9,1
LF:3
LH:3
BRF:0
BRH:0
end_of_record
TN:
SF:src/routes/posts.js
FN:8,auth
FN:18,(anonymous_1)
FN:36,(anonymous_2)
FN:51,(anonymous_3)
FN:62,(anonymous_4)
FN:78,(anonymous_5)
FNF:6
FNH:6
FNDA:8,auth
FNDA:2,(anonymous_1)
FNDA:4,(anonymous_2)
FNDA:2,(anonymous_3)
FNDA:2,(anonymous_4)
FNDA:1,(anonymous_5)
DA:1,1
DA:2,1
DA:3,1
DA:4,1
DA:7,1
DA:9,8
DA:10,8
DA:11,5
DA:12,5
DA:13,5
DA:14,5
DA:18,1
DA:19,2
DA:20,2
DA:21,1
DA:22,1
DA:29,1
DA:31,0
DA:36,1
DA:37,4
DA:38,4
DA:39,4
DA:40,4
DA:41,4
DA:44,4
DA:46,0
DA:51,1
DA:52,2
DA:53,2
DA:54,2
DA:55,1
DA:57,0
DA:62,1
DA:63,2
DA:64,2
DA:65,2
DA:66,2
DA:67,1
DA:68,1
DA:69,1
DA:70,1
DA:71,1
DA:73,0
DA:78,1
DA:79,1
DA:80,1
DA:81,1
DA:82,1
DA:83,1
DA:84,1
DA:86,0
DA:90,1
LF:52
LH:47
BRDA:10,0,0,3
BRDA:10,0,1,5
BRDA:10,1,0,8
BRDA:10,1,1,5
BRDA:13,2,0,0
BRDA:13,2,1,5
BRDA:20,3,0,1
BRDA:20,3,1,1
BRDA:37,4,0,2
BRDA:37,5,0,2
BRDA:39,6,0,1
BRDA:39,6,1,3
BRDA:54,7,0,1
BRDA:54,7,1,1
BRDA:65,8,0,0
BRDA:65,8,1,2
BRDA:66,9,0,1
BRDA:66,9,1,1
BRDA:68,10,0,1
BRDA:68,10,1,0
BRDA:69,11,0,1
BRDA:69,11,1,0
BRDA:81,12,0,0
BRDA:81,12,1,1
BRDA:82,13,0,0
BRDA:82,13,1,1
BRF:26
BRH:20
end_of_record
TN:
SF:src/utils/auth.js
FN:8,generateToken
FNF:1
FNH:1
FNDA:2,generateToken
DA:1,1
DA:2,1
DA:5,1
DA:6,1
DA:9,2
DA:10,2
DA:11,2
DA:14,1
LF:8
LH:8
BRDA:5,0,0,0
BRDA:5,0,1,1
BRF:2
BRH:1
end_of_record
