{"/home/erick/Videos/programming/plp/mearn/week-6-test-debug-assignment-ericksaddam/client/src/components/Button.jsx": {"path":"/home/erick/Videos/programming/plp/mearn/week-6-test-debug-assignment-ericksaddam/client/src/components/Button.jsx","statementMap":{"0":{"start":{"line":4,"column":15},"end":{"line":50,"column":1}},"1":{"start":{"line":5,"column":21},"end":{"line":5,"column":23}},"2":{"start":{"line":6,"column":2},"end":{"line":15,"column":3}},"3":{"start":{"line":8,"column":6},"end":{"line":8,"column":37}},"4":{"start":{"line":9,"column":6},"end":{"line":9,"column":12}},"5":{"start":{"line":11,"column":6},"end":{"line":11,"column":34}},"6":{"start":{"line":12,"column":6},"end":{"line":12,"column":12}},"7":{"start":{"line":14,"column":6},"end":{"line":14,"column":35}},"8":{"start":{"line":17,"column":18},"end":{"line":17,"column":20}},"9":{"start":{"line":18,"column":2},"end":{"line":30,"column":3}},"10":{"start":{"line":20,"column":6},"end":{"line":20,"column":27}},"11":{"start":{"line":21,"column":6},"end":{"line":21,"column":12}},"12":{"start":{"line":23,"column":6},"end":{"line":23,"column":27}},"13":{"start":{"line":24,"column":6},"end":{"line":24,"column":12}},"14":{"start":{"line":26,"column":6},"end":{"line":26,"column":27}},"15":{"start":{"line":27,"column":6},"end":{"line":27,"column":12}},"16":{"start":{"line":29,"column":6},"end":{"line":29,"column":21}},"17":{"start":{"line":32,"column":18},"end":{"line":38,"column":29}},"18":{"start":{"line":40,"column":2},"end":{"line":49,"column":4}},"19":{"start":{"line":52,"column":0},"end":{"line":58,"column":2}}},"fnMap":{"0":{"name":"(anonymous_0)","decl":{"start":{"line":4,"column":15},"end":{"line":4,"column":16}},"loc":{"start":{"line":4,"column":119},"end":{"line":50,"column":1}},"line":4}},"branchMap":{"0":{"loc":{"start":{"line":4,"column":28},"end":{"line":4,"column":47}},"type":"default-arg","locations":[{"start":{"line":4,"column":38},"end":{"line":4,"column":47}}],"line":4},"1":{"loc":{"start":{"line":4,"column":49},"end":{"line":4,"column":60}},"type":"default-arg","locations":[{"start":{"line":4,"column":56},"end":{"line":4,"column":60}}],"line":4},"2":{"loc":{"start":{"line":4,"column":62},"end":{"line":4,"column":78}},"type":"default-arg","locations":[{"start":{"line":4,"column":73},"end":{"line":4,"column":78}}],"line":4},"3":{"loc":{"start":{"line":4,"column":89},"end":{"line":4,"column":103}},"type":"default-arg","locations":[{"start":{"line":4,"column":101},"end":{"line":4,"column":103}}],"line":4},"4":{"loc":{"start":{"line":6,"column":2},"end":{"line":15,"column":3}},"type":"switch","locations":[{"start":{"line":7,"column":4},"end":{"line":9,"column":12}},{"start":{"line":10,"column":4},"end":{"line":12,"column":12}},{"start":{"line":13,"column":4},"end":{"line":14,"column":35}}],"line":6},"5":{"loc":{"start":{"line":18,"column":2},"end":{"line":30,"column":3}},"type":"switch","locations":[{"start":{"line":19,"column":4},"end":{"line":21,"column":12}},{"start":{"line":22,"column":4},"end":{"line":24,"column":12}},{"start":{"line":25,"column":4},"end":{"line":27,"column":12}},{"start":{"line":28,"column":4},"end":{"line":29,"column":21}}],"line":18},"6":{"loc":{"start":{"line":36,"column":4},"end":{"line":36,"column":34}},"type":"cond-expr","locations":[{"start":{"line":36,"column":15},"end":{"line":36,"column":29}},{"start":{"line":36,"column":32},"end":{"line":36,"column":34}}],"line":36}},"s":{"0":1,"1":12,"2":12,"3":1,"4":1,"5":1,"6":1,"7":10,"8":12,"9":12,"10":1,"11":1,"12":10,"13":10,"14":1,"15":1,"16":0,"17":12,"18":12,"19":1},"f":{"0":12},"b":{"0":[9],"1":[9],"2":[10],"3":[11],"4":[1,1,10],"5":[1,10,1,0],"6":[2,10]},"_coverageSchema":"1a1c01bbd47fc00a2c39e90264f33305004495a9","hash":"ec98f17baa15ad3302ea09c8f79a5b1dfdae0b32"}
}
